[debug] > Exec(early(addDefaultCommands), None, None)
[debug] > Exec(addDefaultCommands, None, None)
[debug] > Exec(early(initialize), None, None)
[debug] > Exec(initialize, None, None)
[debug] > Exec(early(addPluginSbtFile="""C:\Users\Coco\AppData\Local\Temp\idea5.sbt"""), None, None)
[debug] > Exec(addPluginSbtFile="""C:\Users\Coco\AppData\Local\Temp\idea5.sbt""", None, None)
[debug] > Exec(boot, None, None)
[debug] > Exec(writeSbtVersion, None, None)
[debug] > Exec(reload, None, None)
[debug] > Exec(sbtStashOnFailure, None, None)
[debug] > Exec(onFailure loadFailed, None, None)
[debug] > Exec(loadp, None, None)
[info] welcome to sbt 1.4.4 (Oracle Corporation Java 12.0.1)
[debug]       Load.loadUnit: plugins took 117.5559ms
[debug]       Load.loadUnit: defsScala took 0.3369ms
[debug] [Loading] Scanning directory C:\Users\Coco\.sbt\1.0\plugins
[debug] [Loading] Found non-root projects 
[debug] [Loading] Done in C:\Users\Coco\.sbt\1.0\plugins, returning: ()
[debug] deducing auto plugins based on known facts Set(Atom(sbt.plugins.CorePlugin)) and clauses Clauses(List(Clause(Atom(sbt.plugins.JvmPlugin),Set(Atom(sbt.plugins.IvyPlugin))), Clause(Atom(sbt.ScriptedPlugin),Set(Atom(sbt.plugins.JvmPlugin))), Clause(Atom(sbt.plugins.SbtPlugin),Set(Atom(sbt.ScriptedPlugin))), Clause(Atom(sbt.plugins.SemanticdbPlugin),Set(Atom(sbt.plugins.JvmPlugin))), Clause(Atom(sbt.plugins.JUnitXmlReportPlugin),Set(Atom(sbt.plugins.JvmPlugin))), Clause(Atom(sbt.plugins.MiniDependencyTreePlugin),Set(Atom(sbt.plugins.JvmPlugin))), Clause(Atom(sbt.plugins.CorePlugin),Set(Atom(sbt.plugins.IvyPlugin))), Clause(Atom(sbt.plugins.IvyPlugin),Set(Atom(sbt.plugins.JvmPlugin))), Clause(Atom(sbt.plugins.JvmPlugin),Set(Atom(sbt.plugins.SemanticdbPlugin))), Clause(Atom(sbt.plugins.JvmPlugin),Set(Atom(sbt.plugins.JUnitXmlReportPlugin))), Clause(Atom(sbt.plugins.CorePlugin),Set(Atom(sbt.plugins.Giter8TemplatePlugin))), Clause(Atom(sbt.plugins.JvmPlugin),Set(Atom(sbt.plugins.MiniDependencyTreePlugin)))))
[debug]   :: deduced result: Matched(sbt.plugins.CorePlugin,sbt.plugins.Giter8TemplatePlugin,sbt.plugins.IvyPlugin,sbt.plugins.JvmPlugin,sbt.plugins.MiniDependencyTreePlugin,sbt.plugins.JUnitXmlReportPlugin,sbt.plugins.SemanticdbPlugin)
[debug] Plugins.deducer#function took 18.4313 ms
[debug]           Load.resolveProject(global-plugins) took 45.5582ms
[debug]         Load.loadTransitive: finalizeProject(Project(id global-plugins, base: C:\Users\Coco\.sbt\1.0\plugins, plugins: List(<none>))) took 91.7606ms
[debug] [Loading] Done in C:\Users\Coco\.sbt\1.0\plugins, returning: (global-plugins)
[debug]       Load.loadUnit: loadedProjectsRaw took 123.4054ms
[debug]       Load.loadUnit: cleanEvalClasses took 0.3818ms
[debug]     Load.loadUnit(file:/C:/Users/Coco/.sbt/1.0/plugins/, ...) took 251.3114ms
[debug]   Load.apply: load took 433.8058ms
[debug]   Load.apply: resolveProjects took 5.21ms
[debug]   Load.apply: finalTransforms took 51.334ms
[debug]   Load.apply: config.delegates took 6.5021ms
[debug]   Load.apply: Def.make(settings)... took 762.2726ms
[debug]   Load.apply: structureIndex took 85.0806ms
[debug]   Load.apply: mkStreams took 1.2758ms
[info] loading global plugins from C:\Users\Coco\.sbt\1.0\plugins
[debug] Running task... Cancel: Signal, check cycles: false, forcegc: true
[debug] Load.defaultLoad until apply took 2732.2211ms
[debug]           Load.loadUnit: plugins took 21.1895ms
[debug]           Load.loadUnit: defsScala took 0.0028ms
[debug] [Loading] Scanning directory I:\scala-workplace\esl-interview\project
[debug]             Load.loadUnit: mkEval took 5.9733ms
[debug] [Loading] Found non-root projects 
[debug] [Loading] Done in I:\scala-workplace\esl-interview\project, returning: ()
[debug] deducing auto plugins based on known facts Set(Atom(sbt.plugins.CorePlugin)) and clauses Clauses(List(Clause(Atom(sbt.plugins.JvmPlugin),Set(Atom(sbt.plugins.IvyPlugin))), Clause(Atom(sbt.ScriptedPlugin),Set(Atom(sbt.plugins.JvmPlugin))), Clause(Atom(sbt.plugins.SbtPlugin),Set(Atom(sbt.ScriptedPlugin))), Clause(Atom(sbt.plugins.SemanticdbPlugin),Set(Atom(sbt.plugins.JvmPlugin))), Clause(Atom(sbt.plugins.JUnitXmlReportPlugin),Set(Atom(sbt.plugins.JvmPlugin))), Clause(Atom(sbt.plugins.MiniDependencyTreePlugin),Set(Atom(sbt.plugins.JvmPlugin))), Clause(Atom(sbt.plugins.CorePlugin),Set(Atom(sbt.plugins.IvyPlugin))), Clause(Atom(sbt.plugins.IvyPlugin),Set(Atom(sbt.plugins.JvmPlugin))), Clause(Atom(sbt.plugins.JvmPlugin),Set(Atom(sbt.plugins.SemanticdbPlugin))), Clause(Atom(sbt.plugins.JvmPlugin),Set(Atom(sbt.plugins.JUnitXmlReportPlugin))), Clause(Atom(sbt.plugins.CorePlugin),Set(Atom(sbt.plugins.Giter8TemplatePlugin))), Clause(Atom(sbt.plugins.JvmPlugin),Set(Atom(sbt.plugins.MiniDependencyTreePlugin)))))
[debug]   :: deduced result: Matched(sbt.plugins.CorePlugin,sbt.plugins.Giter8TemplatePlugin,sbt.plugins.IvyPlugin,sbt.plugins.JvmPlugin,sbt.plugins.MiniDependencyTreePlugin,sbt.plugins.JUnitXmlReportPlugin,sbt.plugins.SemanticdbPlugin)
[debug] Plugins.deducer#function took 46.2993 ms
[info] loading settings for project esl-interview-build from idea5.sbt ...
[debug]               Load.resolveProject(esl-interview-build) took 12.3585ms
[debug]             Load.loadTransitive: finalizeProject(Project(id esl-interview-build, base: I:\scala-workplace\esl-interview\project, plugins: List(<none>))) took 59.3622ms
[debug] [Loading] Done in I:\scala-workplace\esl-interview\project, returning: (esl-interview-build)
[debug]           Load.loadUnit: loadedProjectsRaw took 178.2421ms
[debug]           Load.loadUnit: cleanEvalClasses took 4.3121ms
[debug]         Load.loadUnit(file:/I:/scala-workplace/esl-interview/project/, ...) took 204.5552ms
[debug]       Load.apply: load took 205.6549ms
[debug]       Load.apply: resolveProjects took 0.0746ms
[debug]       Load.apply: finalTransforms took 7.9493ms
[debug]       Load.apply: config.delegates took 0.3877ms
[debug]       Load.apply: Def.make(settings)... took 68.2697ms
[debug]       Load.apply: structureIndex took 25.2048ms
[debug]       Load.apply: mkStreams took 0.0021ms
[info] loading project definition from I:\scala-workplace\esl-interview\project
[debug] Running task... Cancel: Signal, check cycles: false, forcegc: true
[debug]     Load.loadUnit: plugins took 549.8019ms
[debug]     Load.loadUnit: defsScala took 0.0023ms
[debug] [Loading] Scanning directory I:\scala-workplace\esl-interview
[debug]       Load.loadUnit: mkEval took 0.1768ms
[debug] [Loading] Found non-root projects 
[debug] [Loading] Done in I:\scala-workplace\esl-interview, returning: ()
[debug] deducing auto plugins based on known facts Set(Atom(sbt.plugins.CorePlugin)) and clauses Clauses(List(Clause(Atom(sbt.plugins.JvmPlugin),Set(Atom(sbt.plugins.IvyPlugin))), Clause(Atom(sbt.ScriptedPlugin),Set(Atom(sbt.plugins.JvmPlugin))), Clause(Atom(sbt.plugins.SbtPlugin),Set(Atom(sbt.ScriptedPlugin))), Clause(Atom(sbt.plugins.SemanticdbPlugin),Set(Atom(sbt.plugins.JvmPlugin))), Clause(Atom(sbt.plugins.JUnitXmlReportPlugin),Set(Atom(sbt.plugins.JvmPlugin))), Clause(Atom(sbt.plugins.MiniDependencyTreePlugin),Set(Atom(sbt.plugins.JvmPlugin))), Clause(Atom(org.jetbrains.sbt.StructurePlugin),Set(Atom(sbt.plugins.JvmPlugin))), Clause(Atom(org.jetbrains.sbt.IdeaShellPlugin),Set(Atom(sbt.plugins.JvmPlugin))), Clause(Atom(org.jetbrains.sbt.indices.SbtIntellijIndicesPlugin),Set(Atom(sbt.plugins.JvmPlugin))), Clause(Atom(sbt.plugins.CorePlugin),Set(Atom(sbt.plugins.IvyPlugin))), Clause(Atom(sbt.plugins.IvyPlugin),Set(Atom(sbt.plugins.JvmPlugin))), Clause(Atom(sbt.plugins.JvmPlugin),Set(Atom(sbt.plugins.SemanticdbPlugin))), Clause(Atom(sbt.plugins.JvmPlugin),Set(Atom(sbt.plugins.JUnitXmlReportPlugin))), Clause(Atom(sbt.plugins.CorePlugin),Set(Atom(sbt.plugins.Giter8TemplatePlugin))), Clause(Atom(sbt.plugins.JvmPlugin),Set(Atom(sbt.plugins.MiniDependencyTreePlugin))), Clause(Atom(sbt.plugins.JvmPlugin),Set(Atom(org.jetbrains.sbt.StructurePlugin))), Clause(Atom(sbt.plugins.JvmPlugin),Set(Atom(org.jetbrains.sbt.IdeaShellPlugin))), Clause(And(Set(Atom(sbt.plugins.CorePlugin), Atom(sbt.plugins.JvmPlugin))),Set(Atom(org.jetbrains.sbt.indices.SbtIntellijIndicesPlugin)))))
[debug]   :: deduced result: Matched(sbt.plugins.CorePlugin,sbt.plugins.Giter8TemplatePlugin,sbt.plugins.IvyPlugin,sbt.plugins.JvmPlugin,sbt.plugins.SemanticdbPlugin,org.jetbrains.sbt.indices.SbtIntellijIndicesPlugin,sbt.plugins.JUnitXmlReportPlugin,org.jetbrains.sbt.IdeaShellPlugin,org.jetbrains.sbt.StructurePlugin,sbt.plugins.MiniDependencyTreePlugin)
[debug] Plugins.deducer#function took 2.1656 ms
[info] loading settings for project esl-interview from build.sbt ...
[debug]         Load.resolveProject(esl-interview) took 29.9523ms
[debug]       Load.loadTransitive: finalizeProject(Project(id esl-interview, base: I:\scala-workplace\esl-interview, plugins: List(<none>))) took 33.2131ms
[debug] [Loading] Done in I:\scala-workplace\esl-interview, returning: (esl-interview)
[debug]     Load.loadUnit: loadedProjectsRaw took 1759.3114ms
[debug]     Load.loadUnit: cleanEvalClasses took 8.6121ms
[debug]   Load.loadUnit(file:/I:/scala-workplace/esl-interview/, ...) took 2318.4107ms
[debug] Load.apply: load took 2319.8959ms
[debug] Load.apply: resolveProjects took 0.1262ms
[debug] Load.apply: finalTransforms took 21.1755ms
[debug] Load.apply: config.delegates took 0.3856ms
[debug] Load.apply: Def.make(settings)... took 66.7718ms
[debug] Load.apply: structureIndex took 21.5135ms
[debug] Load.apply: mkStreams took 0.0021ms
[info] set current project to esl-interview (in build file:/I:/scala-workplace/esl-interview/)
[debug] > Exec(sbtPopOnFailure, None, None)
[debug] > Exec(resumeFromFailure, None, None)
[debug] > Exec(notifyUsersAboutShell, None, None)
[debug] > Exec(iflast shell, None, None)
[debug] > Exec(; set ideaPort in Global := 51982 ; idea-shell, None, None)
[debug] > Exec(set ideaPort in Global := 51982, None, None)
[info] Defining Global / ideaPort
[info] The new value will be used by Compile / compile, Test / compile
[debug] Defining 
[debug] 	Global / ideaPort
[debug] 
[debug] The new value will be used by 
[debug] 	Compile / compile
[debug] 	Test / compile
[info] Reapplying settings...
[info] set current project to esl-interview (in build file:/I:/scala-workplace/esl-interview/)
[debug] > Exec(idea-shell, None, None)
