[debug] > Exec(early(addDefaultCommands), None, None)
[debug] > Exec(addDefaultCommands, None, None)
[debug] > Exec(early(initialize), None, None)
[debug] > Exec(initialize, None, None)
[debug] > Exec(early(addPluginSbtFile="""C:\Users\Coco\AppData\Local\Temp\idea.sbt"""), None, None)
[debug] > Exec(addPluginSbtFile="""C:\Users\Coco\AppData\Local\Temp\idea.sbt""", None, None)
[debug] > Exec(boot, None, None)
[debug] > Exec(writeSbtVersion, None, None)
[debug] > Exec(reload, None, None)
[debug] > Exec(sbtStashOnFailure, None, None)
[debug] > Exec(onFailure loadFailed, None, None)
[debug] > Exec(loadp, None, None)
[info] welcome to sbt 1.4.4 (Oracle Corporation Java 12.0.1)
[debug]       Load.loadUnit: plugins took 162.0415ms
[debug]       Load.loadUnit: defsScala took 0.2713ms
[debug] [Loading] Scanning directory C:\Users\Coco\.sbt\1.0\plugins
[debug] [Loading] Found non-root projects 
[debug] [Loading] Done in C:\Users\Coco\.sbt\1.0\plugins, returning: ()
[debug] deducing auto plugins based on known facts Set(Atom(sbt.plugins.CorePlugin)) and clauses Clauses(List(Clause(Atom(sbt.plugins.JvmPlugin),Set(Atom(sbt.plugins.IvyPlugin))), Clause(Atom(sbt.ScriptedPlugin),Set(Atom(sbt.plugins.JvmPlugin))), Clause(Atom(sbt.plugins.SbtPlugin),Set(Atom(sbt.ScriptedPlugin))), Clause(Atom(sbt.plugins.SemanticdbPlugin),Set(Atom(sbt.plugins.JvmPlugin))), Clause(Atom(sbt.plugins.JUnitXmlReportPlugin),Set(Atom(sbt.plugins.JvmPlugin))), Clause(Atom(sbt.plugins.MiniDependencyTreePlugin),Set(Atom(sbt.plugins.JvmPlugin))), Clause(Atom(sbt.plugins.CorePlugin),Set(Atom(sbt.plugins.IvyPlugin))), Clause(Atom(sbt.plugins.IvyPlugin),Set(Atom(sbt.plugins.JvmPlugin))), Clause(Atom(sbt.plugins.JvmPlugin),Set(Atom(sbt.plugins.SemanticdbPlugin))), Clause(Atom(sbt.plugins.JvmPlugin),Set(Atom(sbt.plugins.JUnitXmlReportPlugin))), Clause(Atom(sbt.plugins.CorePlugin),Set(Atom(sbt.plugins.Giter8TemplatePlugin))), Clause(Atom(sbt.plugins.JvmPlugin),Set(Atom(sbt.plugins.MiniDependencyTreePlugin)))))
[debug]   :: deduced result: Matched(sbt.plugins.CorePlugin,sbt.plugins.Giter8TemplatePlugin,sbt.plugins.IvyPlugin,sbt.plugins.JvmPlugin,sbt.plugins.MiniDependencyTreePlugin,sbt.plugins.JUnitXmlReportPlugin,sbt.plugins.SemanticdbPlugin)
[debug] Plugins.deducer#function took 22.2735 ms
[debug]           Load.resolveProject(global-plugins) took 77.2621ms
[debug]         Load.loadTransitive: finalizeProject(Project(id global-plugins, base: C:\Users\Coco\.sbt\1.0\plugins, plugins: List(<none>))) took 136.7608ms
[debug] [Loading] Done in C:\Users\Coco\.sbt\1.0\plugins, returning: (global-plugins)
[debug]       Load.loadUnit: loadedProjectsRaw took 162.3059ms
[debug]       Load.loadUnit: cleanEvalClasses took 0.3271ms
[debug]     Load.loadUnit(file:/C:/Users/Coco/.sbt/1.0/plugins/, ...) took 336.2464ms
[debug]   Load.apply: load took 702.3696ms
[debug]   Load.apply: resolveProjects took 11.8376ms
[debug]   Load.apply: finalTransforms took 97.3804ms
[debug]   Load.apply: config.delegates took 22.0134ms
[debug]   Load.apply: Def.make(settings)... took 1330.0171ms
[debug]   Load.apply: structureIndex took 213.3786ms
[debug]   Load.apply: mkStreams took 2.1283ms
[info] loading global plugins from C:\Users\Coco\.sbt\1.0\plugins
[debug] Running task... Cancel: Signal, check cycles: false, forcegc: true
[debug] Load.defaultLoad until apply took 5614.1019ms
[debug]           Load.loadUnit: plugins took 48.3756ms
[debug]           Load.loadUnit: defsScala took 0.0067ms
[debug] [Loading] Scanning directory I:\scala-workplace\esl-interview\project
[debug]             Load.loadUnit: mkEval took 10.0956ms
[debug] [Loading] Found non-root projects 
[debug] [Loading] Done in I:\scala-workplace\esl-interview\project, returning: ()
[debug] deducing auto plugins based on known facts Set(Atom(sbt.plugins.CorePlugin)) and clauses Clauses(List(Clause(Atom(sbt.plugins.JvmPlugin),Set(Atom(sbt.plugins.IvyPlugin))), Clause(Atom(sbt.ScriptedPlugin),Set(Atom(sbt.plugins.JvmPlugin))), Clause(Atom(sbt.plugins.SbtPlugin),Set(Atom(sbt.ScriptedPlugin))), Clause(Atom(sbt.plugins.SemanticdbPlugin),Set(Atom(sbt.plugins.JvmPlugin))), Clause(Atom(sbt.plugins.JUnitXmlReportPlugin),Set(Atom(sbt.plugins.JvmPlugin))), Clause(Atom(sbt.plugins.MiniDependencyTreePlugin),Set(Atom(sbt.plugins.JvmPlugin))), Clause(Atom(sbt.plugins.CorePlugin),Set(Atom(sbt.plugins.IvyPlugin))), Clause(Atom(sbt.plugins.IvyPlugin),Set(Atom(sbt.plugins.JvmPlugin))), Clause(Atom(sbt.plugins.JvmPlugin),Set(Atom(sbt.plugins.SemanticdbPlugin))), Clause(Atom(sbt.plugins.JvmPlugin),Set(Atom(sbt.plugins.JUnitXmlReportPlugin))), Clause(Atom(sbt.plugins.CorePlugin),Set(Atom(sbt.plugins.Giter8TemplatePlugin))), Clause(Atom(sbt.plugins.JvmPlugin),Set(Atom(sbt.plugins.MiniDependencyTreePlugin)))))
[debug]   :: deduced result: Matched(sbt.plugins.CorePlugin,sbt.plugins.Giter8TemplatePlugin,sbt.plugins.IvyPlugin,sbt.plugins.JvmPlugin,sbt.plugins.MiniDependencyTreePlugin,sbt.plugins.JUnitXmlReportPlugin,sbt.plugins.SemanticdbPlugin)
[debug] Plugins.deducer#function took 3.5974 ms
[info] loading settings for project esl-interview-build from metals.sbt,idea.sbt ...
[debug]               Load.resolveProject(esl-interview-build) took 3.9669ms
[debug]             Load.loadTransitive: finalizeProject(Project(id esl-interview-build, base: I:\scala-workplace\esl-interview\project, plugins: List(<none>))) took 8.449ms
[debug] [Loading] Done in I:\scala-workplace\esl-interview\project, returning: (esl-interview-build)
[debug]           Load.loadUnit: loadedProjectsRaw took 3862.3821ms
[debug]           Load.loadUnit: cleanEvalClasses took 5.7505ms
[debug]         Load.loadUnit(file:/I:/scala-workplace/esl-interview/project/, ...) took 3917.6447ms
[debug]       Load.apply: load took 3920.273ms
[debug]       Load.apply: resolveProjects took 0.1087ms
[debug]       Load.apply: finalTransforms took 16.3313ms
[debug]       Load.apply: config.delegates took 0.5914ms
[debug]       Load.apply: Def.make(settings)... took 335.6037ms
[debug]       Load.apply: structureIndex took 70.5945ms
[debug]       Load.apply: mkStreams took 0.0027ms
[info] loading project definition from I:\scala-workplace\esl-interview\project
[debug] Running task... Cancel: Signal, check cycles: false, forcegc: true
[debug]     Load.loadUnit: plugins took 5862.0319ms
[debug]     Load.loadUnit: defsScala took 0.0028ms
[debug] [Loading] Scanning directory I:\scala-workplace\esl-interview
[debug]       Load.loadUnit: mkEval took 0.2464ms
[debug] [Loading] Found non-root projects 
[debug] [Loading] Done in I:\scala-workplace\esl-interview, returning: ()
[debug] deducing auto plugins based on known facts Set(Atom(sbt.plugins.CorePlugin)) and clauses Clauses(List(Clause(Atom(sbt.plugins.JvmPlugin),Set(Atom(sbt.plugins.IvyPlugin))), Clause(Atom(sbt.ScriptedPlugin),Set(Atom(sbt.plugins.JvmPlugin))), Clause(Atom(sbt.plugins.SbtPlugin),Set(Atom(sbt.ScriptedPlugin))), Clause(Atom(sbt.plugins.SemanticdbPlugin),Set(Atom(sbt.plugins.JvmPlugin))), Clause(Atom(sbt.plugins.JUnitXmlReportPlugin),Set(Atom(sbt.plugins.JvmPlugin))), Clause(Atom(sbt.plugins.MiniDependencyTreePlugin),Set(Atom(sbt.plugins.JvmPlugin))), Clause(Atom(metals.MetalsPlugin),Set(Atom(sbt.plugins.JvmPlugin))), Clause(Atom(org.jetbrains.sbt.StructurePlugin),Set(Atom(sbt.plugins.JvmPlugin))), Clause(Atom(org.jetbrains.sbt.IdeaShellPlugin),Set(Atom(sbt.plugins.JvmPlugin))), Clause(Atom(org.jetbrains.sbt.indices.SbtIntellijIndicesPlugin),Set(Atom(sbt.plugins.JvmPlugin))), Clause(Atom(sbt.plugins.CorePlugin),Set(Atom(sbt.plugins.IvyPlugin))), Clause(Atom(sbt.plugins.IvyPlugin),Set(Atom(sbt.plugins.JvmPlugin))), Clause(Atom(sbt.plugins.JvmPlugin),Set(Atom(sbt.plugins.SemanticdbPlugin))), Clause(Atom(sbt.plugins.JvmPlugin),Set(Atom(sbt.plugins.JUnitXmlReportPlugin))), Clause(Atom(sbt.plugins.CorePlugin),Set(Atom(sbt.plugins.Giter8TemplatePlugin))), Clause(Atom(sbt.plugins.JvmPlugin),Set(Atom(sbt.plugins.MiniDependencyTreePlugin))), Clause(Atom(sbt.plugins.JvmPlugin),Set(Atom(metals.MetalsPlugin))), Clause(Atom(sbt.plugins.JvmPlugin),Set(Atom(org.jetbrains.sbt.StructurePlugin))), Clause(Atom(sbt.plugins.JvmPlugin),Set(Atom(org.jetbrains.sbt.IdeaShellPlugin))), Clause(And(Set(Atom(sbt.plugins.CorePlugin), Atom(sbt.plugins.JvmPlugin))),Set(Atom(org.jetbrains.sbt.indices.SbtIntellijIndicesPlugin)))))
[debug]   :: deduced result: Matched(sbt.plugins.CorePlugin,sbt.plugins.Giter8TemplatePlugin,sbt.plugins.IvyPlugin,sbt.plugins.JvmPlugin,sbt.plugins.SemanticdbPlugin,org.jetbrains.sbt.indices.SbtIntellijIndicesPlugin,sbt.plugins.JUnitXmlReportPlugin,org.jetbrains.sbt.IdeaShellPlugin,metals.MetalsPlugin,org.jetbrains.sbt.StructurePlugin,sbt.plugins.MiniDependencyTreePlugin)
[debug] Plugins.deducer#function took 2.8745 ms
[info] loading settings for project esl-interview from build.sbt ...
[debug]         Load.resolveProject(esl-interview) took 37.2794ms
[debug]       Load.loadTransitive: finalizeProject(Project(id esl-interview, base: I:\scala-workplace\esl-interview, plugins: List(<none>))) took 41.7297ms
[debug] [Loading] Done in I:\scala-workplace\esl-interview, returning: (esl-interview)
[debug]     Load.loadUnit: loadedProjectsRaw took 1956.3023ms
[debug]     Load.loadUnit: cleanEvalClasses took 9.7609ms
[debug]   Load.loadUnit(file:/I:/scala-workplace/esl-interview/, ...) took 7828.8009ms
[debug] Load.apply: load took 7830.4684ms
[debug] Load.apply: resolveProjects took 0.0832ms
[debug] Load.apply: finalTransforms took 24.4259ms
[debug] Load.apply: config.delegates took 0.3793ms
[debug] Load.apply: Def.make(settings)... took 92.5351ms
[debug] Load.apply: structureIndex took 26.8748ms
[debug] Load.apply: mkStreams took 0.0027ms
[info] set current project to esl-interview (in build file:/I:/scala-workplace/esl-interview/)
[debug] > Exec(sbtPopOnFailure, None, None)
[debug] > Exec(resumeFromFailure, None, None)
[debug] > Exec(notifyUsersAboutShell, None, None)
[debug] > Exec(iflast shell, None, None)
[debug] > Exec(; set ideaPort in Global := 53338 ; idea-shell, None, None)
[debug] > Exec(set ideaPort in Global := 53338, None, None)
[info] Defining Global / ideaPort
[info] The new value will be used by Compile / compile, Test / compile
[debug] Defining 
[debug] 	Global / ideaPort
[debug] 
[debug] The new value will be used by 
[debug] 	Compile / compile
[debug] 	Test / compile
[info] Reapplying settings...
[info] set current project to esl-interview (in build file:/I:/scala-workplace/esl-interview/)
[debug] > Exec(idea-shell, None, None)
