[debug] > Exec(update, None, None)
[warn] build source files have changed
[warn] modified files: 
[warn]   I:\scala-workplace\esl-interview\build.sbt
[warn] Apply these changes by running `reload`.
[warn] Automatically reload the build when source changes are detected by setting `Global / onChangedBuildSource := ReloadOnSourceChanges`.
[warn] Disable this warning by setting `Global / onChangedBuildSource := IgnoreSourceChanges`.
[debug] Evaluating tasks: update
[debug] Running task... Cancel: Signal, check cycles: false, forcegc: true
[warn] 
[warn] 	Note: Unresolved dependencies path:
[error] sbt.librarymanagement.ResolveException: Error downloading com.twitter:finatra-http_2.13:20.10.0
[error]   Not found
[error]   Not found
[error]   not found: C:\Users\Coco\.ivy2\local\com.twitter\finatra-http_2.13\20.10.0\ivys\ivy.xml
[error]   not found: https://repo1.maven.org/maven2/com/twitter/finatra-http_2.13/20.10.0/finatra-http_2.13-20.10.0.pom
[error] Error downloading com.twitter:finchx-core_2.13:0.26.0
[error]   Not found
[error]   Not found
[error]   not found: C:\Users\Coco\.ivy2\local\com.twitter\finchx-core_2.13\0.26.0\ivys\ivy.xml
[error]   not found: https://repo1.maven.org/maven2/com/twitter/finchx-core_2.13/0.26.0/finchx-core_2.13-0.26.0.pom
[error] Error downloading com.twitter:finchx-circe_2.13:0.26.0
[error]   Not found
[error]   Not found
[error]   not found: C:\Users\Coco\.ivy2\local\com.twitter\finchx-circe_2.13\0.26.0\ivys\ivy.xml
[error]   not found: https://repo1.maven.org/maven2/com/twitter/finchx-circe_2.13/0.26.0/finchx-circe_2.13-0.26.0.pom
[error] Error downloading com.twitter:finagle-http_2.13:0.26.0
[error]   Not found
[error]   Not found
[error]   not found: C:\Users\Coco\.ivy2\local\com.twitter\finagle-http_2.13\0.26.0\ivys\ivy.xml
[error]   not found: https://repo1.maven.org/maven2/com/twitter/finagle-http_2.13/0.26.0/finagle-http_2.13-0.26.0.pom
[error] 	at lmcoursier.CoursierDependencyResolution.unresolvedWarningOrThrow(CoursierDependencyResolution.scala:258)
[error] 	at lmcoursier.CoursierDependencyResolution.$anonfun$update$38(CoursierDependencyResolution.scala:227)
[error] 	at scala.util.Either$LeftProjection.map(Either.scala:573)
[error] 	at lmcoursier.CoursierDependencyResolution.update(CoursierDependencyResolution.scala:227)
[error] 	at sbt.librarymanagement.DependencyResolution.update(DependencyResolution.scala:60)
[error] 	at sbt.internal.LibraryManagement$.resolve$1(LibraryManagement.scala:53)
[error] 	at sbt.internal.LibraryManagement$.$anonfun$cachedUpdate$12(LibraryManagement.scala:103)
[error] 	at sbt.util.Tracked$.$anonfun$lastOutput$1(Tracked.scala:73)
[error] 	at sbt.internal.LibraryManagement$.$anonfun$cachedUpdate$20(LibraryManagement.scala:116)
[error] 	at scala.util.control.Exception$Catch.apply(Exception.scala:228)
[error] 	at sbt.internal.LibraryManagement$.$anonfun$cachedUpdate$11(LibraryManagement.scala:116)
[error] 	at sbt.internal.LibraryManagement$.$anonfun$cachedUpdate$11$adapted(LibraryManagement.scala:97)
[error] 	at sbt.util.Tracked$.$anonfun$inputChangedW$1(Tracked.scala:219)
[error] 	at sbt.internal.LibraryManagement$.cachedUpdate(LibraryManagement.scala:130)
[error] 	at sbt.Classpaths$.$anonfun$updateTask0$5(Defaults.scala:3485)
[error] 	at scala.Function1.$anonfun$compose$1(Function1.scala:49)
[error] 	at sbt.internal.util.$tilde$greater.$anonfun$$u2219$1(TypeFunctions.scala:62)
[error] 	at sbt.std.Transform$$anon$4.work(Transform.scala:68)
[error] 	at sbt.Execute.$anonfun$submit$2(Execute.scala:282)
[error] 	at sbt.internal.util.ErrorHandling$.wideConvert(ErrorHandling.scala:23)
[error] 	at sbt.Execute.work(Execute.scala:291)
[error] 	at sbt.Execute.$anonfun$submit$1(Execute.scala:282)
[error] 	at sbt.ConcurrentRestrictions$$anon$4.$anonfun$submitValid$1(ConcurrentRestrictions.scala:265)
[error] 	at sbt.CompletionService$$anon$2.call(CompletionService.scala:64)
[error] 	at java.base/java.util.concurrent.FutureTask.run(FutureTask.java:264)
[error] 	at java.base/java.util.concurrent.Executors$RunnableAdapter.call(Executors.java:515)
[error] 	at java.base/java.util.concurrent.FutureTask.run(FutureTask.java:264)
[error] 	at java.base/java.util.concurrent.ThreadPoolExecutor.runWorker(ThreadPoolExecutor.java:1128)
[error] 	at java.base/java.util.concurrent.ThreadPoolExecutor$Worker.run(ThreadPoolExecutor.java:628)
[error] 	at java.base/java.lang.Thread.run(Thread.java:835)
[error] (update) sbt.librarymanagement.ResolveException: Error downloading com.twitter:finatra-http_2.13:20.10.0
[error]   Not found
[error]   Not found
[error]   not found: C:\Users\Coco\.ivy2\local\com.twitter\finatra-http_2.13\20.10.0\ivys\ivy.xml
[error]   not found: https://repo1.maven.org/maven2/com/twitter/finatra-http_2.13/20.10.0/finatra-http_2.13-20.10.0.pom
[error] Error downloading com.twitter:finchx-core_2.13:0.26.0
[error]   Not found
[error]   Not found
[error]   not found: C:\Users\Coco\.ivy2\local\com.twitter\finchx-core_2.13\0.26.0\ivys\ivy.xml
[error]   not found: https://repo1.maven.org/maven2/com/twitter/finchx-core_2.13/0.26.0/finchx-core_2.13-0.26.0.pom
[error] Error downloading com.twitter:finchx-circe_2.13:0.26.0
[error]   Not found
[error]   Not found
[error]   not found: C:\Users\Coco\.ivy2\local\com.twitter\finchx-circe_2.13\0.26.0\ivys\ivy.xml
[error]   not found: https://repo1.maven.org/maven2/com/twitter/finchx-circe_2.13/0.26.0/finchx-circe_2.13-0.26.0.pom
[error] Error downloading com.twitter:finagle-http_2.13:0.26.0
[error]   Not found
[error]   Not found
[error]   not found: C:\Users\Coco\.ivy2\local\com.twitter\finagle-http_2.13\0.26.0\ivys\ivy.xml
[error]   not found: https://repo1.maven.org/maven2/com/twitter/finagle-http_2.13/0.26.0/finagle-http_2.13-0.26.0.pom
[error] Total time: 0 s, completed Nov 27, 2020, 1:36:38 AM
[debug] > Exec(idea-shell, None, None)
