[debug] > Exec(early(addDefaultCommands), None, None)
[debug] > Exec(addDefaultCommands, None, None)
[debug] > Exec(early(initialize), None, None)
[debug] > Exec(initialize, None, None)
[debug] > Exec(early(addPluginSbtFile="""C:\Users\Coco\AppData\Local\Temp\idea7.sbt"""), None, None)
[debug] > Exec(addPluginSbtFile="""C:\Users\Coco\AppData\Local\Temp\idea7.sbt""", None, None)
[debug] > Exec(boot, None, None)
[debug] > Exec(writeSbtVersion, None, None)
[debug] > Exec(reload, None, None)
[debug] > Exec(sbtStashOnFailure, None, None)
[debug] > Exec(onFailure loadFailed, None, None)
[debug] > Exec(loadp, None, None)
[info] welcome to sbt 1.4.4 (Oracle Corporation Java 12.0.1)
[debug]       Load.loadUnit: plugins took 110.541ms
[debug]       Load.loadUnit: defsScala took 0.3605ms
[debug] [Loading] Scanning directory C:\Users\Coco\.sbt\1.0\plugins
[debug] [Loading] Found non-root projects 
[debug] [Loading] Done in C:\Users\Coco\.sbt\1.0\plugins, returning: ()
[debug] deducing auto plugins based on known facts Set(Atom(sbt.plugins.CorePlugin)) and clauses Clauses(List(Clause(Atom(sbt.plugins.JvmPlugin),Set(Atom(sbt.plugins.IvyPlugin))), Clause(Atom(sbt.ScriptedPlugin),Set(Atom(sbt.plugins.JvmPlugin))), Clause(Atom(sbt.plugins.SbtPlugin),Set(Atom(sbt.ScriptedPlugin))), Clause(Atom(sbt.plugins.SemanticdbPlugin),Set(Atom(sbt.plugins.JvmPlugin))), Clause(Atom(sbt.plugins.JUnitXmlReportPlugin),Set(Atom(sbt.plugins.JvmPlugin))), Clause(Atom(sbt.plugins.MiniDependencyTreePlugin),Set(Atom(sbt.plugins.JvmPlugin))), Clause(Atom(sbt.plugins.CorePlugin),Set(Atom(sbt.plugins.IvyPlugin))), Clause(Atom(sbt.plugins.IvyPlugin),Set(Atom(sbt.plugins.JvmPlugin))), Clause(Atom(sbt.plugins.JvmPlugin),Set(Atom(sbt.plugins.SemanticdbPlugin))), Clause(Atom(sbt.plugins.JvmPlugin),Set(Atom(sbt.plugins.JUnitXmlReportPlugin))), Clause(Atom(sbt.plugins.CorePlugin),Set(Atom(sbt.plugins.Giter8TemplatePlugin))), Clause(Atom(sbt.plugins.JvmPlugin),Set(Atom(sbt.plugins.MiniDependencyTreePlugin)))))
[debug]   :: deduced result: Matched(sbt.plugins.CorePlugin,sbt.plugins.Giter8TemplatePlugin,sbt.plugins.IvyPlugin,sbt.plugins.JvmPlugin,sbt.plugins.MiniDependencyTreePlugin,sbt.plugins.JUnitXmlReportPlugin,sbt.plugins.SemanticdbPlugin)
[debug] Plugins.deducer#function took 20.878 ms
[debug]           Load.resolveProject(global-plugins) took 50.7234ms
[debug]         Load.loadTransitive: finalizeProject(Project(id global-plugins, base: C:\Users\Coco\.sbt\1.0\plugins, plugins: List(<none>))) took 101.281ms
[debug] [Loading] Done in C:\Users\Coco\.sbt\1.0\plugins, returning: (global-plugins)
[debug]       Load.loadUnit: loadedProjectsRaw took 122.1429ms
[debug]       Load.loadUnit: cleanEvalClasses took 0.2177ms
[debug]     Load.loadUnit(file:/C:/Users/Coco/.sbt/1.0/plugins/, ...) took 243.5199ms
[debug]   Load.apply: load took 401.9639ms
[debug]   Load.apply: resolveProjects took 5.0344ms
[debug]   Load.apply: finalTransforms took 55.8712ms
[debug]   Load.apply: config.delegates took 7.2653ms
[debug]   Load.apply: Def.make(settings)... took 748.1097ms
[debug]   Load.apply: structureIndex took 101.174ms
[debug]   Load.apply: mkStreams took 1.5296ms
[info] loading global plugins from C:\Users\Coco\.sbt\1.0\plugins
[debug] Running task... Cancel: Signal, check cycles: false, forcegc: true
[debug] Load.defaultLoad until apply took 2655.0257ms
[debug]           Load.loadUnit: plugins took 27.9607ms
[debug]           Load.loadUnit: defsScala took 0.005ms
[debug] [Loading] Scanning directory I:\scala-workplace\esl-interview\project
[debug]             Load.loadUnit: mkEval took 5.7468ms
[debug] [Loading] Found non-root projects 
[debug] [Loading] Done in I:\scala-workplace\esl-interview\project, returning: ()
[debug] deducing auto plugins based on known facts Set(Atom(sbt.plugins.CorePlugin)) and clauses Clauses(List(Clause(Atom(sbt.plugins.JvmPlugin),Set(Atom(sbt.plugins.IvyPlugin))), Clause(Atom(sbt.ScriptedPlugin),Set(Atom(sbt.plugins.JvmPlugin))), Clause(Atom(sbt.plugins.SbtPlugin),Set(Atom(sbt.ScriptedPlugin))), Clause(Atom(sbt.plugins.SemanticdbPlugin),Set(Atom(sbt.plugins.JvmPlugin))), Clause(Atom(sbt.plugins.JUnitXmlReportPlugin),Set(Atom(sbt.plugins.JvmPlugin))), Clause(Atom(sbt.plugins.MiniDependencyTreePlugin),Set(Atom(sbt.plugins.JvmPlugin))), Clause(Atom(sbt.plugins.CorePlugin),Set(Atom(sbt.plugins.IvyPlugin))), Clause(Atom(sbt.plugins.IvyPlugin),Set(Atom(sbt.plugins.JvmPlugin))), Clause(Atom(sbt.plugins.JvmPlugin),Set(Atom(sbt.plugins.SemanticdbPlugin))), Clause(Atom(sbt.plugins.JvmPlugin),Set(Atom(sbt.plugins.JUnitXmlReportPlugin))), Clause(Atom(sbt.plugins.CorePlugin),Set(Atom(sbt.plugins.Giter8TemplatePlugin))), Clause(Atom(sbt.plugins.JvmPlugin),Set(Atom(sbt.plugins.MiniDependencyTreePlugin)))))
[debug]   :: deduced result: Matched(sbt.plugins.CorePlugin,sbt.plugins.Giter8TemplatePlugin,sbt.plugins.IvyPlugin,sbt.plugins.JvmPlugin,sbt.plugins.MiniDependencyTreePlugin,sbt.plugins.JUnitXmlReportPlugin,sbt.plugins.SemanticdbPlugin)
[debug] Plugins.deducer#function took 1.5249 ms
[info] loading settings for project esl-interview-build from metals.sbt,idea7.sbt ...
[debug]               Load.resolveProject(esl-interview-build) took 2.6459ms
[debug]             Load.loadTransitive: finalizeProject(Project(id esl-interview-build, base: I:\scala-workplace\esl-interview\project, plugins: List(<none>))) took 4.7058ms
[debug] [Loading] Done in I:\scala-workplace\esl-interview\project, returning: (esl-interview-build)
[debug]           Load.loadUnit: loadedProjectsRaw took 141.1558ms
[debug]           Load.loadUnit: cleanEvalClasses took 5.318ms
[debug]         Load.loadUnit(file:/I:/scala-workplace/esl-interview/project/, ...) took 175.3789ms
[debug]       Load.apply: load took 176.607ms
[debug]       Load.apply: resolveProjects took 0.0773ms
[debug]       Load.apply: finalTransforms took 8.6169ms
[debug]       Load.apply: config.delegates took 0.3453ms
[debug]       Load.apply: Def.make(settings)... took 74.17ms
[debug]       Load.apply: structureIndex took 28.936ms
[debug]       Load.apply: mkStreams took 0.0024ms
[info] loading project definition from I:\scala-workplace\esl-interview\project
[debug] Running task... Cancel: Signal, check cycles: false, forcegc: true
[debug]     Load.loadUnit: plugins took 536.0137ms
[debug]     Load.loadUnit: defsScala took 0.0025ms
[debug] [Loading] Scanning directory I:\scala-workplace\esl-interview
[debug]       Load.loadUnit: mkEval took 0.1594ms
[debug] [Loading] Found non-root projects 
[debug] [Loading] Done in I:\scala-workplace\esl-interview, returning: ()
[debug] deducing auto plugins based on known facts Set(Atom(sbt.plugins.CorePlugin)) and clauses Clauses(List(Clause(Atom(sbt.plugins.JvmPlugin),Set(Atom(sbt.plugins.IvyPlugin))), Clause(Atom(sbt.ScriptedPlugin),Set(Atom(sbt.plugins.JvmPlugin))), Clause(Atom(sbt.plugins.SbtPlugin),Set(Atom(sbt.ScriptedPlugin))), Clause(Atom(sbt.plugins.SemanticdbPlugin),Set(Atom(sbt.plugins.JvmPlugin))), Clause(Atom(sbt.plugins.JUnitXmlReportPlugin),Set(Atom(sbt.plugins.JvmPlugin))), Clause(Atom(sbt.plugins.MiniDependencyTreePlugin),Set(Atom(sbt.plugins.JvmPlugin))), Clause(Atom(metals.MetalsPlugin),Set(Atom(sbt.plugins.JvmPlugin))), Clause(Atom(org.jetbrains.sbt.StructurePlugin),Set(Atom(sbt.plugins.JvmPlugin))), Clause(Atom(org.jetbrains.sbt.IdeaShellPlugin),Set(Atom(sbt.plugins.JvmPlugin))), Clause(Atom(org.jetbrains.sbt.indices.SbtIntellijIndicesPlugin),Set(Atom(sbt.plugins.JvmPlugin))), Clause(Atom(sbt.plugins.CorePlugin),Set(Atom(sbt.plugins.IvyPlugin))), Clause(Atom(sbt.plugins.IvyPlugin),Set(Atom(sbt.plugins.JvmPlugin))), Clause(Atom(sbt.plugins.JvmPlugin),Set(Atom(sbt.plugins.SemanticdbPlugin))), Clause(Atom(sbt.plugins.JvmPlugin),Set(Atom(sbt.plugins.JUnitXmlReportPlugin))), Clause(Atom(sbt.plugins.CorePlugin),Set(Atom(sbt.plugins.Giter8TemplatePlugin))), Clause(Atom(sbt.plugins.JvmPlugin),Set(Atom(sbt.plugins.MiniDependencyTreePlugin))), Clause(Atom(sbt.plugins.JvmPlugin),Set(Atom(metals.MetalsPlugin))), Clause(Atom(sbt.plugins.JvmPlugin),Set(Atom(org.jetbrains.sbt.StructurePlugin))), Clause(Atom(sbt.plugins.JvmPlugin),Set(Atom(org.jetbrains.sbt.IdeaShellPlugin))), Clause(And(Set(Atom(sbt.plugins.CorePlugin), Atom(sbt.plugins.JvmPlugin))),Set(Atom(org.jetbrains.sbt.indices.SbtIntellijIndicesPlugin)))))
[debug]   :: deduced result: Matched(sbt.plugins.CorePlugin,sbt.plugins.Giter8TemplatePlugin,sbt.plugins.IvyPlugin,sbt.plugins.JvmPlugin,sbt.plugins.SemanticdbPlugin,org.jetbrains.sbt.indices.SbtIntellijIndicesPlugin,sbt.plugins.JUnitXmlReportPlugin,org.jetbrains.sbt.IdeaShellPlugin,metals.MetalsPlugin,org.jetbrains.sbt.StructurePlugin,sbt.plugins.MiniDependencyTreePlugin)
[debug] Plugins.deducer#function took 2.3189 ms
[info] loading settings for project esl-interview from build.sbt ...
[debug]         Load.resolveProject(esl-interview) took 38.5371ms
[debug]       Load.loadTransitive: finalizeProject(Project(id esl-interview, base: I:\scala-workplace\esl-interview, plugins: List(<none>))) took 42.0099ms
[debug] [Loading] Done in I:\scala-workplace\esl-interview, returning: (esl-interview)
[debug]     Load.loadUnit: loadedProjectsRaw took 1485.3221ms
[debug]     Load.loadUnit: cleanEvalClasses took 6.4347ms
[debug]   Load.loadUnit(file:/I:/scala-workplace/esl-interview/, ...) took 2028.4137ms
[debug] Load.apply: load took 2029.8548ms
[debug] Load.apply: resolveProjects took 0.0772ms
[debug] Load.apply: finalTransforms took 22.7739ms
[debug] Load.apply: config.delegates took 0.26ms
[debug] Load.apply: Def.make(settings)... took 65.0849ms
[debug] Load.apply: structureIndex took 23.7562ms
[debug] Load.apply: mkStreams took 0.0024ms
[info] set current project to esl-interview (in build file:/I:/scala-workplace/esl-interview/)
[debug] > Exec(sbtPopOnFailure, None, None)
[debug] > Exec(resumeFromFailure, None, None)
[debug] > Exec(notifyUsersAboutShell, None, None)
[debug] > Exec(iflast shell, None, None)
[debug] > Exec(; set ideaPort in Global := 51982 ; idea-shell, None, None)
[debug] > Exec(set ideaPort in Global := 51982, None, None)
[info] Defining Global / ideaPort
[info] The new value will be used by Compile / compile, Test / compile
[debug] Defining 
[debug] 	Global / ideaPort
[debug] 
[debug] The new value will be used by 
[debug] 	Compile / compile
[debug] 	Test / compile
[info] Reapplying settings...
[info] set current project to esl-interview (in build file:/I:/scala-workplace/esl-interview/)
[debug] > Exec(idea-shell, None, None)
