[debug] > Exec(early(addDefaultCommands), None, None)
[debug] > Exec(addDefaultCommands, None, None)
[debug] > Exec(early(initialize), None, None)
[debug] > Exec(initialize, None, None)
[debug] > Exec(early(addPluginSbtFile="""C:\Users\Coco\AppData\Local\Temp\idea7.sbt"""), None, None)
[debug] > Exec(addPluginSbtFile="""C:\Users\Coco\AppData\Local\Temp\idea7.sbt""", None, None)
[debug] > Exec(boot, None, None)
[debug] > Exec(writeSbtVersion, None, None)
[debug] > Exec(reload, None, None)
[debug] > Exec(sbtStashOnFailure, None, None)
[debug] > Exec(onFailure loadFailed, None, None)
[debug] > Exec(loadp, None, None)
[info] welcome to sbt 1.4.4 (AdoptOpenJDK Java 1.8.0_272)
[debug]       Load.loadUnit: plugins took 95.2699ms
[debug]       Load.loadUnit: defsScala took 0.4138ms
[debug] [Loading] Scanning directory C:\Users\Coco\.sbt\1.0\plugins
[debug] [Loading] Found non-root projects 
[debug] [Loading] Done in C:\Users\Coco\.sbt\1.0\plugins, returning: ()
[debug] deducing auto plugins based on known facts Set(Atom(sbt.plugins.CorePlugin)) and clauses Clauses(List(Clause(Atom(sbt.plugins.JvmPlugin),Set(Atom(sbt.plugins.IvyPlugin))), Clause(Atom(sbt.ScriptedPlugin),Set(Atom(sbt.plugins.JvmPlugin))), Clause(Atom(sbt.plugins.SbtPlugin),Set(Atom(sbt.ScriptedPlugin))), Clause(Atom(sbt.plugins.SemanticdbPlugin),Set(Atom(sbt.plugins.JvmPlugin))), Clause(Atom(sbt.plugins.JUnitXmlReportPlugin),Set(Atom(sbt.plugins.JvmPlugin))), Clause(Atom(sbt.plugins.MiniDependencyTreePlugin),Set(Atom(sbt.plugins.JvmPlugin))), Clause(Atom(sbt.plugins.CorePlugin),Set(Atom(sbt.plugins.IvyPlugin))), Clause(Atom(sbt.plugins.IvyPlugin),Set(Atom(sbt.plugins.JvmPlugin))), Clause(Atom(sbt.plugins.JvmPlugin),Set(Atom(sbt.plugins.SemanticdbPlugin))), Clause(Atom(sbt.plugins.JvmPlugin),Set(Atom(sbt.plugins.JUnitXmlReportPlugin))), Clause(Atom(sbt.plugins.CorePlugin),Set(Atom(sbt.plugins.Giter8TemplatePlugin))), Clause(Atom(sbt.plugins.JvmPlugin),Set(Atom(sbt.plugins.MiniDependencyTreePlugin)))))
[debug]   :: deduced result: Matched(sbt.plugins.CorePlugin,sbt.plugins.Giter8TemplatePlugin,sbt.plugins.IvyPlugin,sbt.plugins.JvmPlugin,sbt.plugins.MiniDependencyTreePlugin,sbt.plugins.JUnitXmlReportPlugin,sbt.plugins.SemanticdbPlugin)
[debug] Plugins.deducer#function took 25.2515 ms
[debug]           Load.resolveProject(global-plugins) took 45.2445ms
[debug]         Load.loadTransitive: finalizeProject(Project(id global-plugins, base: C:\Users\Coco\.sbt\1.0\plugins, plugins: List(<none>))) took 102.9133ms
[debug] [Loading] Done in C:\Users\Coco\.sbt\1.0\plugins, returning: (global-plugins)
[debug]       Load.loadUnit: loadedProjectsRaw took 213.191ms
[debug]       Load.loadUnit: cleanEvalClasses took 0.3414ms
[debug]     Load.loadUnit(file:/C:/Users/Coco/.sbt/1.0/plugins/, ...) took 317.779ms
[debug]   Load.apply: load took 472.6669ms
[debug]   Load.apply: resolveProjects took 5.9487ms
[debug]   Load.apply: finalTransforms took 50.4456ms
[debug]   Load.apply: config.delegates took 6.7167ms
[debug]   Load.apply: Def.make(settings)... took 737.3427ms
[debug]   Load.apply: structureIndex took 91.2557ms
[debug]   Load.apply: mkStreams took 1.9689ms
[info] loading global plugins from C:\Users\Coco\.sbt\1.0\plugins
[debug] Running task... Cancel: Signal, check cycles: false, forcegc: true
[debug] Load.defaultLoad until apply took 2586.8884ms
[debug]           Load.loadUnit: plugins took 23.5522ms
[debug]           Load.loadUnit: defsScala took 0.0027ms
[debug] [Loading] Scanning directory I:\scala-workplace\esl-interview\project
[debug]             Load.loadUnit: mkEval took 7.1538ms
[debug] [Loading] Found non-root projects 
[debug] [Loading] Done in I:\scala-workplace\esl-interview\project, returning: ()
[debug] deducing auto plugins based on known facts Set(Atom(sbt.plugins.CorePlugin)) and clauses Clauses(List(Clause(Atom(sbt.plugins.JvmPlugin),Set(Atom(sbt.plugins.IvyPlugin))), Clause(Atom(sbt.ScriptedPlugin),Set(Atom(sbt.plugins.JvmPlugin))), Clause(Atom(sbt.plugins.SbtPlugin),Set(Atom(sbt.ScriptedPlugin))), Clause(Atom(sbt.plugins.SemanticdbPlugin),Set(Atom(sbt.plugins.JvmPlugin))), Clause(Atom(sbt.plugins.JUnitXmlReportPlugin),Set(Atom(sbt.plugins.JvmPlugin))), Clause(Atom(sbt.plugins.MiniDependencyTreePlugin),Set(Atom(sbt.plugins.JvmPlugin))), Clause(Atom(sbt.plugins.CorePlugin),Set(Atom(sbt.plugins.IvyPlugin))), Clause(Atom(sbt.plugins.IvyPlugin),Set(Atom(sbt.plugins.JvmPlugin))), Clause(Atom(sbt.plugins.JvmPlugin),Set(Atom(sbt.plugins.SemanticdbPlugin))), Clause(Atom(sbt.plugins.JvmPlugin),Set(Atom(sbt.plugins.JUnitXmlReportPlugin))), Clause(Atom(sbt.plugins.CorePlugin),Set(Atom(sbt.plugins.Giter8TemplatePlugin))), Clause(Atom(sbt.plugins.JvmPlugin),Set(Atom(sbt.plugins.MiniDependencyTreePlugin)))))
[debug]   :: deduced result: Matched(sbt.plugins.CorePlugin,sbt.plugins.Giter8TemplatePlugin,sbt.plugins.IvyPlugin,sbt.plugins.JvmPlugin,sbt.plugins.MiniDependencyTreePlugin,sbt.plugins.JUnitXmlReportPlugin,sbt.plugins.SemanticdbPlugin)
[debug] Plugins.deducer#function took 1.4923 ms
[info] loading settings for project esl-interview-build from metals.sbt,idea7.sbt ...
[debug]               Load.resolveProject(esl-interview-build) took 4.1575ms
[debug]             Load.loadTransitive: finalizeProject(Project(id esl-interview-build, base: I:\scala-workplace\esl-interview\project, plugins: List(<none>))) took 6.0948ms
[debug] [Loading] Done in I:\scala-workplace\esl-interview\project, returning: (esl-interview-build)
[debug]           Load.loadUnit: loadedProjectsRaw took 164.5499ms
[debug]           Load.loadUnit: cleanEvalClasses took 3.2838ms
[debug]         Load.loadUnit(file:/I:/scala-workplace/esl-interview/project/, ...) took 192.0829ms
[debug]       Load.apply: load took 192.9945ms
[debug]       Load.apply: resolveProjects took 0.0972ms
[debug]       Load.apply: finalTransforms took 6.8536ms
[debug]       Load.apply: config.delegates took 0.3998ms
[debug]       Load.apply: Def.make(settings)... took 73.8226ms
[debug]       Load.apply: structureIndex took 22.7988ms
[debug]       Load.apply: mkStreams took 0.0023ms
[info] loading project definition from I:\scala-workplace\esl-interview\project
[debug] Running task... Cancel: Signal, check cycles: false, forcegc: true
[debug]     Load.loadUnit: plugins took 502.5215ms
[debug]     Load.loadUnit: defsScala took 0.0027ms
[debug] [Loading] Scanning directory I:\scala-workplace\esl-interview
[debug]       Load.loadUnit: mkEval took 0.1704ms
[debug] [Loading] Found non-root projects 
[debug] [Loading] Done in I:\scala-workplace\esl-interview, returning: ()
[debug] deducing auto plugins based on known facts Set(Atom(sbt.plugins.CorePlugin)) and clauses Clauses(List(Clause(Atom(sbt.plugins.JvmPlugin),Set(Atom(sbt.plugins.IvyPlugin))), Clause(Atom(sbt.ScriptedPlugin),Set(Atom(sbt.plugins.JvmPlugin))), Clause(Atom(sbt.plugins.SbtPlugin),Set(Atom(sbt.ScriptedPlugin))), Clause(Atom(sbt.plugins.SemanticdbPlugin),Set(Atom(sbt.plugins.JvmPlugin))), Clause(Atom(sbt.plugins.JUnitXmlReportPlugin),Set(Atom(sbt.plugins.JvmPlugin))), Clause(Atom(sbt.plugins.MiniDependencyTreePlugin),Set(Atom(sbt.plugins.JvmPlugin))), Clause(Atom(metals.MetalsPlugin),Set(Atom(sbt.plugins.JvmPlugin))), Clause(Atom(org.jetbrains.sbt.StructurePlugin),Set(Atom(sbt.plugins.JvmPlugin))), Clause(Atom(org.jetbrains.sbt.IdeaShellPlugin),Set(Atom(sbt.plugins.JvmPlugin))), Clause(Atom(org.jetbrains.sbt.indices.SbtIntellijIndicesPlugin),Set(Atom(sbt.plugins.JvmPlugin))), Clause(Atom(sbt.plugins.CorePlugin),Set(Atom(sbt.plugins.IvyPlugin))), Clause(Atom(sbt.plugins.IvyPlugin),Set(Atom(sbt.plugins.JvmPlugin))), Clause(Atom(sbt.plugins.JvmPlugin),Set(Atom(sbt.plugins.SemanticdbPlugin))), Clause(Atom(sbt.plugins.JvmPlugin),Set(Atom(sbt.plugins.JUnitXmlReportPlugin))), Clause(Atom(sbt.plugins.CorePlugin),Set(Atom(sbt.plugins.Giter8TemplatePlugin))), Clause(Atom(sbt.plugins.JvmPlugin),Set(Atom(sbt.plugins.MiniDependencyTreePlugin))), Clause(Atom(sbt.plugins.JvmPlugin),Set(Atom(metals.MetalsPlugin))), Clause(Atom(sbt.plugins.JvmPlugin),Set(Atom(org.jetbrains.sbt.StructurePlugin))), Clause(Atom(sbt.plugins.JvmPlugin),Set(Atom(org.jetbrains.sbt.IdeaShellPlugin))), Clause(And(Set(Atom(sbt.plugins.CorePlugin), Atom(sbt.plugins.JvmPlugin))),Set(Atom(org.jetbrains.sbt.indices.SbtIntellijIndicesPlugin)))))
[debug]   :: deduced result: Matched(sbt.plugins.CorePlugin,sbt.plugins.Giter8TemplatePlugin,sbt.plugins.IvyPlugin,sbt.plugins.JvmPlugin,sbt.plugins.SemanticdbPlugin,org.jetbrains.sbt.indices.SbtIntellijIndicesPlugin,sbt.plugins.JUnitXmlReportPlugin,org.jetbrains.sbt.IdeaShellPlugin,metals.MetalsPlugin,org.jetbrains.sbt.StructurePlugin,sbt.plugins.MiniDependencyTreePlugin)
[debug] Plugins.deducer#function took 2.1834 ms
[info] loading settings for project esl-interview from build.sbt ...
[debug]         Load.resolveProject(esl-interview) took 31.1776ms
[debug]       Load.loadTransitive: finalizeProject(Project(id esl-interview, base: I:\scala-workplace\esl-interview, plugins: List(<none>))) took 34.3636ms
[debug] [Loading] Done in I:\scala-workplace\esl-interview, returning: (esl-interview)
[debug]     Load.loadUnit: loadedProjectsRaw took 106.9821ms
[debug]     Load.loadUnit: cleanEvalClasses took 1.9647ms
[debug]   Load.loadUnit(file:/I:/scala-workplace/esl-interview/, ...) took 611.9414ms
[debug] Load.apply: load took 612.9701ms
[debug] Load.apply: resolveProjects took 0.0727ms
[debug] Load.apply: finalTransforms took 19.9106ms
[debug] Load.apply: config.delegates took 0.2998ms
[debug] Load.apply: Def.make(settings)... took 63.2733ms
[debug] Load.apply: structureIndex took 15.6935ms
[debug] Load.apply: mkStreams took 0.0018ms
[info] set current project to esl-interview (in build file:/I:/scala-workplace/esl-interview/)
[debug] > Exec(sbtPopOnFailure, None, None)
[debug] > Exec(resumeFromFailure, None, None)
[debug] > Exec(notifyUsersAboutShell, None, None)
[debug] > Exec(iflast shell, None, None)
[debug] > Exec(; set ideaPort in Global := 53445 ; idea-shell, None, None)
[debug] > Exec(set ideaPort in Global := 53445, None, None)
[info] Defining Global / ideaPort
[info] The new value will be used by Compile / compile, Test / compile
[debug] Defining 
[debug] 	Global / ideaPort
[debug] 
[debug] The new value will be used by 
[debug] 	Compile / compile
[debug] 	Test / compile
[info] Reapplying settings...
[info] set current project to esl-interview (in build file:/I:/scala-workplace/esl-interview/)
[debug] > Exec(idea-shell, None, None)
